<?xml version="1.0" encoding="UTF-8"?>
<testsuite xmlns:xsi="http://www.w3.org/2001/XMLSchema-instance" xsi:noNamespaceSchemaLocation="https://maven.apache.org/surefire/maven-surefire-plugin/xsd/surefire-test-report-3.0.xsd" version="3.0" name="TaskManagementAppTest" time="2.985" tests="5" errors="0" skipped="0" failures="0">
  <properties>
[...]
</properties>
  <testcase name="testLogin_ValidCredentials" classname="TaskManagementAppTest" time="0.626">
    <system-out><![CDATA[Entrez votre nom d'utilisateur : Entrez votre mot de passe : Connexion réussie ! Bienvenue, loginuser. Votre rôle est : BENEVOLE
]]></system-out>
  </testcase>
  <testcase name="testCreateAccount_ValidInput" classname="TaskManagementAppTest" time="0.623">
    <system-out><![CDATA[Entrez '0' à tout moment pour retourner au menu principal.
Entrez votre nom d'utilisateur : Choisissez un mot de passe : Quel est votre rôle ? (Benevole, Moderateur, Beneficiaire) : Compte créé avec succès !
]]></system-out>
  </testcase>
  <testcase name="testGetUserRole_InvalidUserId" classname="TaskManagementAppTest" time="0.514"/>
  <testcase name="testGetUserRole_ValidUserId" classname="TaskManagementAppTest" time="0.697">
    <system-out><![CDATA[aaaa

145
]]></system-out>
  </testcase>
  <testcase name="testLogin_InvalidCredentials" classname="TaskManagementAppTest" time="0.524">
    <system-out><![CDATA[Entrez votre nom d'utilisateur : Entrez votre mot de passe : Nom d'utilisateur ou mot de passe incorrect.
]]></system-out>
  </testcase>
</testsuite>